<?xml version="1.0" encoding="UTF-8"?>
<testsuite name="AppTest" tests="1" skipped="0" failures="0" errors="0" timestamp="2017-07-28T13:07:01" hostname="USPGINB678" time="0.003">
  <properties/>
  <testcase name="testAppHasAisReadyToShutDownFlag" classname="AppTest" time="0.003"/>
  <system-out><![CDATA[]]></system-out>
  <system-err><![CDATA[]]></system-err>
</testsuite>
